Epoch: 5
	 VALID: {'MRR': 0.18247272074222565, 'hits@[1,3,10]': tensor([0.1625, 0.1868, 0.2200])}
Epoch: 10
	 VALID: {'MRR': 0.18531811237335205, 'hits@[1,3,10]': tensor([0.1653, 0.1898, 0.2234])}
Epoch: 15
	 VALID: {'MRR': 0.18624502420425415, 'hits@[1,3,10]': tensor([0.1660, 0.1908, 0.2244])}
Epoch: 20
	 VALID: {'MRR': 0.1870385706424713, 'hits@[1,3,10]': tensor([0.1666, 0.1917, 0.2257])}
Epoch: 25
	 VALID: {'MRR': 0.18786682188510895, 'hits@[1,3,10]': tensor([0.1676, 0.1919, 0.2259])}
Epoch: 30
	 VALID: {'MRR': 0.18783339858055115, 'hits@[1,3,10]': tensor([0.1676, 0.1921, 0.2261])}
Epoch: 35
	 VALID: {'MRR': 0.18831326067447662, 'hits@[1,3,10]': tensor([0.1677, 0.1927, 0.2273])}
Epoch: 40
	 VALID: {'MRR': 0.18868864327669144, 'hits@[1,3,10]': tensor([0.1681, 0.1932, 0.2278])}
Epoch: 45
	 VALID: {'MRR': 0.1889987215399742, 'hits@[1,3,10]': tensor([0.1685, 0.1932, 0.2282])}
Epoch: 50
	 VALID: {'MRR': 0.1890098676085472, 'hits@[1,3,10]': tensor([0.1684, 0.1933, 0.2283])}
Epoch: 55
	 VALID: {'MRR': 0.1891045942902565, 'hits@[1,3,10]': tensor([0.1684, 0.1934, 0.2284])}
Epoch: 60
	 VALID: {'MRR': 0.18921033293008804, 'hits@[1,3,10]': tensor([0.1685, 0.1937, 0.2286])}
Epoch: 65
	 VALID: {'MRR': 0.18948400765657425, 'hits@[1,3,10]': tensor([0.1687, 0.1941, 0.2292])}
Epoch: 70
	 VALID: {'MRR': 0.18954800069332123, 'hits@[1,3,10]': tensor([0.1687, 0.1940, 0.2291])}
Epoch: 75
	 VALID: {'MRR': 0.1895001083612442, 'hits@[1,3,10]': tensor([0.1686, 0.1940, 0.2293])}
Epoch: 80
	 VALID: {'MRR': 0.18964817374944687, 'hits@[1,3,10]': tensor([0.1688, 0.1942, 0.2294])}
Epoch: 85
	 VALID: {'MRR': 0.18988534063100815, 'hits@[1,3,10]': tensor([0.1691, 0.1942, 0.2294])}
Epoch: 90
	 VALID: {'MRR': 0.18970201909542084, 'hits@[1,3,10]': tensor([0.1688, 0.1941, 0.2293])}
Epoch: 95
	 VALID: {'MRR': 0.18994400650262833, 'hits@[1,3,10]': tensor([0.1690, 0.1945, 0.2295])}
Epoch: 100
	 VALID: {'MRR': 0.19011443853378296, 'hits@[1,3,10]': tensor([0.1691, 0.1947, 0.2299])}
Epoch: 105
	 VALID: {'MRR': 0.19005853682756424, 'hits@[1,3,10]': tensor([0.1691, 0.1945, 0.2299])}
Epoch: 110
	 VALID: {'MRR': 0.19005154073238373, 'hits@[1,3,10]': tensor([0.1691, 0.1947, 0.2299])}
Epoch: 115
	 VALID: {'MRR': 0.1902943253517151, 'hits@[1,3,10]': tensor([0.1693, 0.1949, 0.2299])}
Epoch: 120
	 VALID: {'MRR': 0.19036639481782913, 'hits@[1,3,10]': tensor([0.1694, 0.1949, 0.2303])}
Epoch: 125
	 VALID: {'MRR': 0.1903635486960411, 'hits@[1,3,10]': tensor([0.1693, 0.1950, 0.2301])}
Epoch: 130
	 VALID: {'MRR': 0.19040512293577194, 'hits@[1,3,10]': tensor([0.1694, 0.1949, 0.2302])}
Epoch: 135
	 VALID: {'MRR': 0.19041790068149567, 'hits@[1,3,10]': tensor([0.1694, 0.1948, 0.2301])}
Epoch: 140
	 VALID: {'MRR': 0.19050434976816177, 'hits@[1,3,10]': tensor([0.1694, 0.1952, 0.2305])}
Epoch: 145
	 VALID: {'MRR': 0.19054386019706726, 'hits@[1,3,10]': tensor([0.1694, 0.1951, 0.2305])}
Epoch: 150
	 VALID: {'MRR': 0.19035984575748444, 'hits@[1,3,10]': tensor([0.1692, 0.1949, 0.2304])}
Epoch: 155
	 VALID: {'MRR': 0.19049376994371414, 'hits@[1,3,10]': tensor([0.1694, 0.1951, 0.2303])}
Epoch: 160
	 VALID: {'MRR': 0.19046904146671295, 'hits@[1,3,10]': tensor([0.1692, 0.1952, 0.2304])}
Epoch: 165
	 VALID: {'MRR': 0.1907590851187706, 'hits@[1,3,10]': tensor([0.1696, 0.1955, 0.2304])}
Epoch: 170
	 VALID: {'MRR': 0.1906464844942093, 'hits@[1,3,10]': tensor([0.1694, 0.1955, 0.2306])}
Epoch: 175
	 VALID: {'MRR': 0.19060497730970383, 'hits@[1,3,10]': tensor([0.1695, 0.1955, 0.2306])}
Epoch: 180
	 VALID: {'MRR': 0.19070719182491302, 'hits@[1,3,10]': tensor([0.1696, 0.1955, 0.2306])}
Epoch: 185
	 VALID: {'MRR': 0.19067812711000443, 'hits@[1,3,10]': tensor([0.1695, 0.1955, 0.2308])}
Epoch: 190
	 VALID: {'MRR': 0.19081663340330124, 'hits@[1,3,10]': tensor([0.1696, 0.1956, 0.2309])}
Epoch: 195
	 VALID: {'MRR': 0.19078724086284637, 'hits@[1,3,10]': tensor([0.1695, 0.1955, 0.2309])}
Epoch: 200
	 VALID: {'MRR': 0.19089506566524506, 'hits@[1,3,10]': tensor([0.1696, 0.1956, 0.2310])}
	 BEST VALID MRR : 0.19089506566524506, IN EPOCH : 199
	 TEST : {'MRR': 0.19288048148155212, 'hits@[1,3,10]': tensor([0.1720, 0.1970, 0.2332])} 
	 ============================================