Epoch: 5
	 VALID: {'MRR': 0.2008652240037918, 'hits@[1,3,10]': tensor([0.1183, 0.2250, 0.3725])}
Epoch: 10
	 VALID: {'MRR': 0.23899132013320923, 'hits@[1,3,10]': tensor([0.1488, 0.2708, 0.4292])}
Epoch: 15
	 VALID: {'MRR': 0.25377461314201355, 'hits@[1,3,10]': tensor([0.1629, 0.2858, 0.4462])}
Epoch: 20
	 VALID: {'MRR': 0.26351769268512726, 'hits@[1,3,10]': tensor([0.1713, 0.2937, 0.4579])}
Epoch: 25
	 VALID: {'MRR': 0.2648265063762665, 'hits@[1,3,10]': tensor([0.1683, 0.3054, 0.4633])}
Epoch: 30
	 VALID: {'MRR': 0.27153635025024414, 'hits@[1,3,10]': tensor([0.1762, 0.3096, 0.4679])}
Epoch: 35
	 VALID: {'MRR': 0.2720394432544708, 'hits@[1,3,10]': tensor([0.1771, 0.3146, 0.4663])}
Epoch: 40
	 VALID: {'MRR': 0.273750364780426, 'hits@[1,3,10]': tensor([0.1796, 0.3092, 0.4717])}
Epoch: 45
	 VALID: {'MRR': 0.27068495750427246, 'hits@[1,3,10]': tensor([0.1746, 0.3062, 0.4733])}
Epoch: 50
	 VALID: {'MRR': 0.2740347236394882, 'hits@[1,3,10]': tensor([0.1813, 0.3096, 0.4675])}
Epoch: 55
	 VALID: {'MRR': 0.2747349888086319, 'hits@[1,3,10]': tensor([0.1775, 0.3188, 0.4729])}
Epoch: 60
	 VALID: {'MRR': 0.2711496204137802, 'hits@[1,3,10]': tensor([0.1737, 0.3100, 0.4742])}
Epoch: 65
	 VALID: {'MRR': 0.27613867819309235, 'hits@[1,3,10]': tensor([0.1796, 0.3125, 0.4758])}
Epoch: 70
	 VALID: {'MRR': 0.27559466660022736, 'hits@[1,3,10]': tensor([0.1788, 0.3179, 0.4746])}
Epoch: 75
	 VALID: {'MRR': 0.27792027592658997, 'hits@[1,3,10]': tensor([0.1821, 0.3192, 0.4767])}
Epoch: 80
	 VALID: {'MRR': 0.2769443392753601, 'hits@[1,3,10]': tensor([0.1800, 0.3154, 0.4779])}
Epoch: 85
	 VALID: {'MRR': 0.2727295160293579, 'hits@[1,3,10]': tensor([0.1721, 0.3146, 0.4779])}
Epoch: 90
	 VALID: {'MRR': 0.27879002690315247, 'hits@[1,3,10]': tensor([0.1829, 0.3150, 0.4767])}
Epoch: 95
	 VALID: {'MRR': 0.2776537835597992, 'hits@[1,3,10]': tensor([0.1808, 0.3179, 0.4796])}
Epoch: 100
	 VALID: {'MRR': 0.2779654264450073, 'hits@[1,3,10]': tensor([0.1783, 0.3279, 0.4817])}
Epoch: 105
	 VALID: {'MRR': 0.27753810584545135, 'hits@[1,3,10]': tensor([0.1788, 0.3204, 0.4804])}
Epoch: 110
	 VALID: {'MRR': 0.2754526138305664, 'hits@[1,3,10]': tensor([0.1775, 0.3204, 0.4775])}
Epoch: 115
	 VALID: {'MRR': 0.2786446213722229, 'hits@[1,3,10]': tensor([0.1804, 0.3196, 0.4783])}
Epoch: 120
	 VALID: {'MRR': 0.27952463924884796, 'hits@[1,3,10]': tensor([0.1808, 0.3221, 0.4783])}
Epoch: 125
	 VALID: {'MRR': 0.2795800268650055, 'hits@[1,3,10]': tensor([0.1829, 0.3233, 0.4792])}
Epoch: 130
	 VALID: {'MRR': 0.27578744292259216, 'hits@[1,3,10]': tensor([0.1750, 0.3225, 0.4821])}
Epoch: 135
	 VALID: {'MRR': 0.28022296726703644, 'hits@[1,3,10]': tensor([0.1838, 0.3200, 0.4792])}
Epoch: 140
	 VALID: {'MRR': 0.2781679481267929, 'hits@[1,3,10]': tensor([0.1783, 0.3242, 0.4812])}
Epoch: 145
	 VALID: {'MRR': 0.2781139314174652, 'hits@[1,3,10]': tensor([0.1804, 0.3204, 0.4779])}
Epoch: 150
	 VALID: {'MRR': 0.2797243893146515, 'hits@[1,3,10]': tensor([0.1817, 0.3233, 0.4783])}
Epoch: 155
	 VALID: {'MRR': 0.2774001210927963, 'hits@[1,3,10]': tensor([0.1792, 0.3213, 0.4808])}
Epoch: 160
	 VALID: {'MRR': 0.2808448523283005, 'hits@[1,3,10]': tensor([0.1821, 0.3254, 0.4812])}
Epoch: 165
	 VALID: {'MRR': 0.2769298255443573, 'hits@[1,3,10]': tensor([0.1775, 0.3208, 0.4821])}
Epoch: 170
	 VALID: {'MRR': 0.27894024550914764, 'hits@[1,3,10]': tensor([0.1796, 0.3229, 0.4775])}
Epoch: 175
	 VALID: {'MRR': 0.277923583984375, 'hits@[1,3,10]': tensor([0.1767, 0.3275, 0.4792])}
Epoch: 180
	 VALID: {'MRR': 0.2792724519968033, 'hits@[1,3,10]': tensor([0.1796, 0.3238, 0.4771])}
Epoch: 185
	 VALID: {'MRR': 0.2779678851366043, 'hits@[1,3,10]': tensor([0.1792, 0.3204, 0.4783])}
Epoch: 190
	 VALID: {'MRR': 0.2792395055294037, 'hits@[1,3,10]': tensor([0.1804, 0.3213, 0.4812])}
Epoch: 195
	 VALID: {'MRR': 0.279906302690506, 'hits@[1,3,10]': tensor([0.1804, 0.3229, 0.4825])}
Epoch: 200
	 VALID: {'MRR': 0.2766899913549423, 'hits@[1,3,10]': tensor([0.1767, 0.3217, 0.4767])}
	 BEST VALID MRR : 0.2808448523283005, IN EPOCH : 159
	 TEST : {'MRR': 0.3505089282989502, 'hits@[1,3,10]': tensor([0.2475, 0.3925, 0.5650])} 
	 ============================================