Epoch: 5
	 VALID: {'MRR': 0.34737658500671387, 'hits@[1,3,10]': tensor([0.2537, 0.3804, 0.5381])}
Epoch: 10
	 VALID: {'MRR': 0.35803237557411194, 'hits@[1,3,10]': tensor([0.2631, 0.3931, 0.5507])}
Epoch: 15
	 VALID: {'MRR': 0.36069807410240173, 'hits@[1,3,10]': tensor([0.2644, 0.3977, 0.5549])}
Epoch: 20
	 VALID: {'MRR': 0.3627788722515106, 'hits@[1,3,10]': tensor([0.2660, 0.4007, 0.5559])}
Epoch: 25
	 VALID: {'MRR': 0.36515699326992035, 'hits@[1,3,10]': tensor([0.2691, 0.4021, 0.5581])}
Epoch: 30
	 VALID: {'MRR': 0.36600787937641144, 'hits@[1,3,10]': tensor([0.2704, 0.4014, 0.5607])}
Epoch: 35
	 VALID: {'MRR': 0.3664966970682144, 'hits@[1,3,10]': tensor([0.2696, 0.4045, 0.5614])}
Epoch: 40
	 VALID: {'MRR': 0.36674700677394867, 'hits@[1,3,10]': tensor([0.2702, 0.4040, 0.5612])}
Epoch: 45
	 VALID: {'MRR': 0.3672980070114136, 'hits@[1,3,10]': tensor([0.2707, 0.4054, 0.5609])}
Epoch: 50
	 VALID: {'MRR': 0.36883099377155304, 'hits@[1,3,10]': tensor([0.2723, 0.4066, 0.5609])}
Epoch: 55
	 VALID: {'MRR': 0.36845478415489197, 'hits@[1,3,10]': tensor([0.2722, 0.4060, 0.5616])}
Epoch: 60
	 VALID: {'MRR': 0.36795443296432495, 'hits@[1,3,10]': tensor([0.2710, 0.4072, 0.5624])}
Epoch: 65
	 VALID: {'MRR': 0.3696526736021042, 'hits@[1,3,10]': tensor([0.2736, 0.4080, 0.5630])}
Epoch: 70
	 VALID: {'MRR': 0.36927470564842224, 'hits@[1,3,10]': tensor([0.2726, 0.4078, 0.5632])}
Epoch: 75
	 VALID: {'MRR': 0.3706670254468918, 'hits@[1,3,10]': tensor([0.2741, 0.4093, 0.5635])}
Epoch: 80
	 VALID: {'MRR': 0.3702257424592972, 'hits@[1,3,10]': tensor([0.2741, 0.4077, 0.5642])}
Epoch: 85
	 VALID: {'MRR': 0.3701935261487961, 'hits@[1,3,10]': tensor([0.2740, 0.4078, 0.5627])}
Epoch: 90
	 VALID: {'MRR': 0.3714119791984558, 'hits@[1,3,10]': tensor([0.2756, 0.4088, 0.5637])}
Epoch: 95
	 VALID: {'MRR': 0.37084804475307465, 'hits@[1,3,10]': tensor([0.2743, 0.4086, 0.5644])}
Epoch: 100
	 VALID: {'MRR': 0.37078550457954407, 'hits@[1,3,10]': tensor([0.2740, 0.4099, 0.5648])}
Epoch: 105
	 VALID: {'MRR': 0.3711329847574234, 'hits@[1,3,10]': tensor([0.2747, 0.4099, 0.5633])}
Epoch: 110
	 VALID: {'MRR': 0.37078163027763367, 'hits@[1,3,10]': tensor([0.2742, 0.4089, 0.5634])}
Epoch: 115
	 VALID: {'MRR': 0.371411994099617, 'hits@[1,3,10]': tensor([0.2751, 0.4093, 0.5642])}
Epoch: 120
	 VALID: {'MRR': 0.3716689348220825, 'hits@[1,3,10]': tensor([0.2752, 0.4097, 0.5645])}
Epoch: 125
	 VALID: {'MRR': 0.3723079711198807, 'hits@[1,3,10]': tensor([0.2763, 0.4100, 0.5643])}
Epoch: 130
	 VALID: {'MRR': 0.37229764461517334, 'hits@[1,3,10]': tensor([0.2759, 0.4113, 0.5643])}
Epoch: 135
	 VALID: {'MRR': 0.3720471262931824, 'hits@[1,3,10]': tensor([0.2755, 0.4102, 0.5656])}
Epoch: 140
	 VALID: {'MRR': 0.37220294773578644, 'hits@[1,3,10]': tensor([0.2760, 0.4099, 0.5649])}
Epoch: 145
	 VALID: {'MRR': 0.3724183887243271, 'hits@[1,3,10]': tensor([0.2761, 0.4104, 0.5645])}
Epoch: 150
	 VALID: {'MRR': 0.3719744235277176, 'hits@[1,3,10]': tensor([0.2755, 0.4101, 0.5658])}
Epoch: 155
	 VALID: {'MRR': 0.37311477959156036, 'hits@[1,3,10]': tensor([0.2773, 0.4115, 0.5656])}
Epoch: 160
	 VALID: {'MRR': 0.37276914715766907, 'hits@[1,3,10]': tensor([0.2770, 0.4107, 0.5640])}
Epoch: 165
	 VALID: {'MRR': 0.3731803297996521, 'hits@[1,3,10]': tensor([0.2772, 0.4106, 0.5639])}
Epoch: 170
	 VALID: {'MRR': 0.37210439145565033, 'hits@[1,3,10]': tensor([0.2752, 0.4106, 0.5657])}
Epoch: 175
	 VALID: {'MRR': 0.37247832119464874, 'hits@[1,3,10]': tensor([0.2760, 0.4103, 0.5646])}
Epoch: 180
	 VALID: {'MRR': 0.37255243957042694, 'hits@[1,3,10]': tensor([0.2763, 0.4110, 0.5662])}
Epoch: 185
	 VALID: {'MRR': 0.37264519929885864, 'hits@[1,3,10]': tensor([0.2763, 0.4104, 0.5656])}
Epoch: 190
	 VALID: {'MRR': 0.3727327883243561, 'hits@[1,3,10]': tensor([0.2762, 0.4101, 0.5648])}
Epoch: 195
	 VALID: {'MRR': 0.3727981299161911, 'hits@[1,3,10]': tensor([0.2771, 0.4091, 0.5635])}
Epoch: 200
	 VALID: {'MRR': 0.37284816801548004, 'hits@[1,3,10]': tensor([0.2763, 0.4096, 0.5641])}
	 BEST VALID MRR : 0.3731803297996521, IN EPOCH : 164
	 TEST : {'MRR': 0.3670911639928818, 'hits@[1,3,10]': tensor([0.2711, 0.4045, 0.5595])} 
	 ============================================
