Epoch: 5
	 VALID: {'MRR': 0.4727366268634796, 'hits@[1,3,10]': tensor([0.4224, 0.4932, 0.5669])}
Epoch: 10
	 VALID: {'MRR': 0.49099308252334595, 'hits@[1,3,10]': tensor([0.4459, 0.5051, 0.5837])}
Epoch: 15
	 VALID: {'MRR': 0.4940744936466217, 'hits@[1,3,10]': tensor([0.4497, 0.5064, 0.5840])}
Epoch: 20
	 VALID: {'MRR': 0.49458618462085724, 'hits@[1,3,10]': tensor([0.4504, 0.5071, 0.5837])}
Epoch: 25
	 VALID: {'MRR': 0.4965417683124542, 'hits@[1,3,10]': tensor([0.4532, 0.5079, 0.5857])}
Epoch: 30
	 VALID: {'MRR': 0.4968922287225723, 'hits@[1,3,10]': tensor([0.4535, 0.5092, 0.5857])}
Epoch: 35
	 VALID: {'MRR': 0.4981246292591095, 'hits@[1,3,10]': tensor([0.4540, 0.5109, 0.5852])}
Epoch: 40
	 VALID: {'MRR': 0.4984235465526581, 'hits@[1,3,10]': tensor([0.4552, 0.5101, 0.5862])}
Epoch: 45
	 VALID: {'MRR': 0.49792465567588806, 'hits@[1,3,10]': tensor([0.4544, 0.5117, 0.5862])}
Epoch: 50
	 VALID: {'MRR': 0.4993649125099182, 'hits@[1,3,10]': tensor([0.4570, 0.5104, 0.5845])}
Epoch: 55
	 VALID: {'MRR': 0.49801184237003326, 'hits@[1,3,10]': tensor([0.4547, 0.5112, 0.5867])}
Epoch: 60
	 VALID: {'MRR': 0.49879398941993713, 'hits@[1,3,10]': tensor([0.4553, 0.5114, 0.5850])}
Epoch: 65
	 VALID: {'MRR': 0.49840544164180756, 'hits@[1,3,10]': tensor([0.4558, 0.5097, 0.5859])}
Epoch: 70
	 VALID: {'MRR': 0.49942997097969055, 'hits@[1,3,10]': tensor([0.4563, 0.5112, 0.5857])}
Epoch: 75
	 VALID: {'MRR': 0.5000299215316772, 'hits@[1,3,10]': tensor([0.4575, 0.5105, 0.5867])}
Epoch: 80
	 VALID: {'MRR': 0.49811942875385284, 'hits@[1,3,10]': tensor([0.4547, 0.5097, 0.5860])}
Epoch: 85
	 VALID: {'MRR': 0.5004721283912659, 'hits@[1,3,10]': tensor([0.4585, 0.5114, 0.5855])}
Epoch: 90
	 VALID: {'MRR': 0.49914151430130005, 'hits@[1,3,10]': tensor([0.4560, 0.5110, 0.5847])}
Epoch: 95
	 VALID: {'MRR': 0.5003954023122787, 'hits@[1,3,10]': tensor([0.4580, 0.5119, 0.5854])}
Epoch: 100
	 VALID: {'MRR': 0.5013836026191711, 'hits@[1,3,10]': tensor([0.4591, 0.5129, 0.5867])}
	 BEST VALID MRR : 0.5013836026191711, IN EPOCH : 99
	 TEST : {'MRR': 0.5000090003013611, 'hits@[1,3,10]': tensor([0.4561, 0.5145, 0.5900])} 
	 ============================================