Epoch: 5
	 VALID: {'MRR': 0.4933578222990036, 'hits@[1,3,10]': tensor([0.4025, 0.5421, 0.6707])}
Epoch: 10
	 VALID: {'MRR': 0.5346227288246155, 'hits@[1,3,10]': tensor([0.4457, 0.5926, 0.6971])}
Epoch: 15
	 VALID: {'MRR': 0.5536771714687347, 'hits@[1,3,10]': tensor([0.4706, 0.6038, 0.7056])}
Epoch: 20
	 VALID: {'MRR': 0.5611206442117691, 'hits@[1,3,10]': tensor([0.4792, 0.6134, 0.7076])}
Epoch: 25
	 VALID: {'MRR': 0.5657249391078949, 'hits@[1,3,10]': tensor([0.4865, 0.6151, 0.7067])}
Epoch: 30
	 VALID: {'MRR': 0.5697566568851471, 'hits@[1,3,10]': tensor([0.4917, 0.6172, 0.7088])}
Epoch: 35
	 VALID: {'MRR': 0.5734928697347641, 'hits@[1,3,10]': tensor([0.4969, 0.6202, 0.7117])}
Epoch: 40
	 VALID: {'MRR': 0.5752085447311401, 'hits@[1,3,10]': tensor([0.4997, 0.6205, 0.7127])}
Epoch: 45
	 VALID: {'MRR': 0.5746340453624725, 'hits@[1,3,10]': tensor([0.4990, 0.6207, 0.7121])}
Epoch: 50
	 VALID: {'MRR': 0.578557625412941, 'hits@[1,3,10]': tensor([0.5038, 0.6252, 0.7117])}
Epoch: 55
	 VALID: {'MRR': 0.5782166868448257, 'hits@[1,3,10]': tensor([0.5029, 0.6245, 0.7125])}
Epoch: 60
	 VALID: {'MRR': 0.5779400765895844, 'hits@[1,3,10]': tensor([0.5033, 0.6234, 0.7108])}
Epoch: 65
	 VALID: {'MRR': 0.5782552063465118, 'hits@[1,3,10]': tensor([0.5039, 0.6236, 0.7137])}
Epoch: 70
	 VALID: {'MRR': 0.579208180308342, 'hits@[1,3,10]': tensor([0.5056, 0.6209, 0.7120])}
Epoch: 75
	 VALID: {'MRR': 0.5794320851564407, 'hits@[1,3,10]': tensor([0.5048, 0.6243, 0.7127])}
Epoch: 80
	 VALID: {'MRR': 0.579932376742363, 'hits@[1,3,10]': tensor([0.5068, 0.6245, 0.7113])}
Epoch: 85
	 VALID: {'MRR': 0.5789554119110107, 'hits@[1,3,10]': tensor([0.5049, 0.6248, 0.7136])}
Epoch: 90
	 VALID: {'MRR': 0.5781160295009613, 'hits@[1,3,10]': tensor([0.5039, 0.6216, 0.7134])}
Epoch: 95
	 VALID: {'MRR': 0.5805289596319199, 'hits@[1,3,10]': tensor([0.5075, 0.6245, 0.7127])}
Epoch: 100
	 VALID: {'MRR': 0.5796802490949631, 'hits@[1,3,10]': tensor([0.5075, 0.6209, 0.7127])}
Epoch: 105
	 VALID: {'MRR': 0.5798634886741638, 'hits@[1,3,10]': tensor([0.5066, 0.6227, 0.7128])}
Epoch: 110
	 VALID: {'MRR': 0.5799795687198639, 'hits@[1,3,10]': tensor([0.5070, 0.6226, 0.7118])}
Epoch: 115
	 VALID: {'MRR': 0.5793334096670151, 'hits@[1,3,10]': tensor([0.5058, 0.6239, 0.7132])}
Epoch: 120
	 VALID: {'MRR': 0.5774929970502853, 'hits@[1,3,10]': tensor([0.5027, 0.6228, 0.7120])}
Epoch: 125
	 VALID: {'MRR': 0.5799518078565598, 'hits@[1,3,10]': tensor([0.5071, 0.6233, 0.7130])}
Epoch: 130
	 VALID: {'MRR': 0.5801733136177063, 'hits@[1,3,10]': tensor([0.5072, 0.6224, 0.7111])}
Epoch: 135
	 VALID: {'MRR': 0.5796854943037033, 'hits@[1,3,10]': tensor([0.5071, 0.6233, 0.7129])}
Epoch: 140
	 VALID: {'MRR': 0.5790435969829559, 'hits@[1,3,10]': tensor([0.5066, 0.6217, 0.7118])}
Epoch: 145
	 VALID: {'MRR': 0.5793247669935226, 'hits@[1,3,10]': tensor([0.5064, 0.6236, 0.7117])}
Epoch: 150
	 VALID: {'MRR': 0.578927606344223, 'hits@[1,3,10]': tensor([0.5053, 0.6221, 0.7126])}
Epoch: 155
	 VALID: {'MRR': 0.5794741064310074, 'hits@[1,3,10]': tensor([0.5057, 0.6234, 0.7130])}
Epoch: 160
	 VALID: {'MRR': 0.5792479813098907, 'hits@[1,3,10]': tensor([0.5059, 0.6217, 0.7125])}
Epoch: 165
	 VALID: {'MRR': 0.5786304175853729, 'hits@[1,3,10]': tensor([0.5056, 0.6211, 0.7114])}
Epoch: 170
	 VALID: {'MRR': 0.5798501521348953, 'hits@[1,3,10]': tensor([0.5067, 0.6240, 0.7129])}
Epoch: 175
	 VALID: {'MRR': 0.5789435803890228, 'hits@[1,3,10]': tensor([0.5059, 0.6216, 0.7131])}
Epoch: 180
	 VALID: {'MRR': 0.5788446813821793, 'hits@[1,3,10]': tensor([0.5058, 0.6212, 0.7127])}
Epoch: 185
	 VALID: {'MRR': 0.579975351691246, 'hits@[1,3,10]': tensor([0.5079, 0.6215, 0.7113])}
Epoch: 190
	 VALID: {'MRR': 0.5784118175506592, 'hits@[1,3,10]': tensor([0.5045, 0.6240, 0.7119])}
Epoch: 195
	 VALID: {'MRR': 0.5798018127679825, 'hits@[1,3,10]': tensor([0.5082, 0.6221, 0.7127])}
Epoch: 200
	 VALID: {'MRR': 0.5801443010568619, 'hits@[1,3,10]': tensor([0.5078, 0.6235, 0.7119])}
	 BEST VALID MRR : 0.5805289596319199, IN EPOCH : 94
	 TEST : {'MRR': 0.5755510628223419, 'hits@[1,3,10]': tensor([0.4988, 0.6198, 0.7141])} 
	 ============================================
